<?xml version="1.0" encoding="UTF-8"?>
<testng-results skipped="0" failed="0" ignored="0" total="1" passed="1">
  <reporter-output>
  </reporter-output>
  <suite name="Default suite" duration-ms="57872" started-at="2018-11-04T11:08:20Z" finished-at="2018-11-04T11:09:18Z">
    <groups>
    </groups>
    <test name="Default test" duration-ms="57872" started-at="2018-11-04T11:08:20Z" finished-at="2018-11-04T11:09:18Z">
      <class name="com.org.seleniumPractise.verifyPageTitle">
        <test-method status="PASS" signature="verifyTite()[pri:0, instance:com.org.seleniumPractise.verifyPageTitle@93dd95]" name="verifyTite" duration-ms="57692" started-at="2018-11-04T11:08:20Z" finished-at="2018-11-04T11:09:18Z">
          <reporter-output>
          </reporter-output>
        </test-method> <!-- verifyTite -->
      </class> <!-- com.org.seleniumPractise.verifyPageTitle -->
    </test> <!-- Default test -->
  </suite> <!-- Default suite -->
</testng-results>
